<?xml version="1.0" encoding="UTF-8"?>
<!-- Generated by org.testng.reporters.JUnitXMLReporter -->
<testsuite ignored="1" hostname="DESKTOP-6C5CFM6" failures="1" tests="1" name="Default test(failed)" time="0.313" errors="0" timestamp="2021-06-28T17:20:17 IST">
  <testcase classname="listeners.LoginTest" name="loginByFaceBook" time="0.064">
    <failure type="java.lang.AssertionError" message="expected [Ahmed] but found [Mansoor]">
      <![CDATA[java.lang.AssertionError: expected [Ahmed] but found [Mansoor]
at listeners.LoginTest.loginByFaceBook(LoginTest.java:18)
at java.base/java.util.ArrayList.forEach(ArrayList.java:1541)
... Removed 33 stack frames]]>
    </failure>
  </testcase> <!-- loginByFaceBook -->
  <testcase classname="listeners.LoginTest" name="loginByEmail" time="0.0">
    <ignored/>
  </testcase> <!-- loginByEmail -->
</testsuite> <!-- Default test(failed) -->
